{"C:\\Users\\happy\\VScode-workspace\\Udacity\\FrontEndDev\\Project5\\Travel_Planner\\src\\client\\js\\app.js": {"path":"C:\\Users\\happy\\VScode-workspace\\Udacity\\FrontEndDev\\Project5\\Travel_Planner\\src\\client\\js\\app.js","statementMap":{"0":{"start":{"line":7,"column":16},"end":{"line":7,"column":26}},"1":{"start":{"line":8,"column":16},"end":{"line":8,"column":50}},"2":{"start":{"line":9,"column":16},"end":{"line":9,"column":52}},"3":{"start":{"line":13,"column":15},"end":{"line":23,"column":1}},"4":{"start":{"line":14,"column":14},"end":{"line":14,"column":90}},"5":{"start":{"line":15,"column":18},"end":{"line":15,"column":34}},"6":{"start":{"line":17,"column":2},"end":{"line":22,"column":3}},"7":{"start":{"line":18,"column":17},"end":{"line":18,"column":37}},"8":{"start":{"line":19,"column":4},"end":{"line":19,"column":15}},"9":{"start":{"line":21,"column":4},"end":{"line":21,"column":32}},"10":{"start":{"line":27,"column":19},"end":{"line":37,"column":1}},"11":{"start":{"line":28,"column":14},"end":{"line":28,"column":98}},"12":{"start":{"line":29,"column":18},"end":{"line":29,"column":34}},"13":{"start":{"line":31,"column":2},"end":{"line":36,"column":3}},"14":{"start":{"line":32,"column":17},"end":{"line":32,"column":37}},"15":{"start":{"line":33,"column":4},"end":{"line":33,"column":15}},"16":{"start":{"line":35,"column":4},"end":{"line":35,"column":32}},"17":{"start":{"line":41,"column":17},"end":{"line":51,"column":1}},"18":{"start":{"line":42,"column":14},"end":{"line":42,"column":82}},"19":{"start":{"line":43,"column":18},"end":{"line":43,"column":34}},"20":{"start":{"line":45,"column":2},"end":{"line":50,"column":3}},"21":{"start":{"line":46,"column":17},"end":{"line":46,"column":37}},"22":{"start":{"line":47,"column":4},"end":{"line":47,"column":15}},"23":{"start":{"line":49,"column":4},"end":{"line":49,"column":32}},"24":{"start":{"line":55,"column":20},"end":{"line":72,"column":1}},"25":{"start":{"line":56,"column":19},"end":{"line":64,"column":4}},"26":{"start":{"line":66,"column":2},"end":{"line":71,"column":3}},"27":{"start":{"line":67,"column":20},"end":{"line":67,"column":41}},"28":{"start":{"line":68,"column":4},"end":{"line":68,"column":18}},"29":{"start":{"line":70,"column":4},"end":{"line":70,"column":32}},"30":{"start":{"line":76,"column":17},"end":{"line":123,"column":1}},"31":{"start":{"line":77,"column":14},"end":{"line":77,"column":54}},"32":{"start":{"line":79,"column":2},"end":{"line":122,"column":3}},"33":{"start":{"line":80,"column":17},"end":{"line":80,"column":33}},"34":{"start":{"line":81,"column":4},"end":{"line":81,"column":22}},"35":{"start":{"line":82,"column":19},"end":{"line":82,"column":58}},"36":{"start":{"line":83,"column":4},"end":{"line":83,"column":42}},"37":{"start":{"line":85,"column":4},"end":{"line":87,"column":5}},"38":{"start":{"line":86,"column":6},"end":{"line":86,"column":44}},"39":{"start":{"line":89,"column":14},"end":{"line":89,"column":29}},"40":{"start":{"line":91,"column":4},"end":{"line":116,"column":11}},"41":{"start":{"line":118,"column":4},"end":{"line":118,"column":56}},"42":{"start":{"line":121,"column":4},"end":{"line":121,"column":32}},"43":{"start":{"line":126,"column":22},"end":{"line":179,"column":1}},"44":{"start":{"line":127,"column":13},"end":{"line":127,"column":50}},"45":{"start":{"line":128,"column":2},"end":{"line":130,"column":3}},"46":{"start":{"line":129,"column":4},"end":{"line":129,"column":36}},"47":{"start":{"line":131,"column":17},"end":{"line":131,"column":59}},"48":{"start":{"line":132,"column":19},"end":{"line":132,"column":63}},"49":{"start":{"line":133,"column":19},"end":{"line":133,"column":56}},"50":{"start":{"line":134,"column":18},"end":{"line":134,"column":41}},"51":{"start":{"line":136,"column":2},"end":{"line":178,"column":23}},"52":{"start":{"line":139,"column":6},"end":{"line":148,"column":9}},"53":{"start":{"line":152,"column":16},"end":{"line":152,"column":28}},"54":{"start":{"line":153,"column":16},"end":{"line":153,"column":29}},"55":{"start":{"line":154,"column":4},"end":{"line":154,"column":24}},"56":{"start":{"line":158,"column":4},"end":{"line":158,"column":32}},"57":{"start":{"line":162,"column":6},"end":{"line":166,"column":9}},"58":{"start":{"line":170,"column":4},"end":{"line":170,"column":26}},"59":{"start":{"line":174,"column":4},"end":{"line":176,"column":7}},"60":{"start":{"line":178,"column":12},"end":{"line":178,"column":22}}},"fnMap":{"0":{"name":"(anonymous_0)","decl":{"start":{"line":13,"column":15},"end":{"line":13,"column":16}},"loc":{"start":{"line":13,"column":31},"end":{"line":23,"column":1}},"line":13},"1":{"name":"(anonymous_1)","decl":{"start":{"line":27,"column":19},"end":{"line":27,"column":20}},"loc":{"start":{"line":27,"column":39},"end":{"line":37,"column":1}},"line":27},"2":{"name":"(anonymous_2)","decl":{"start":{"line":41,"column":17},"end":{"line":41,"column":18}},"loc":{"start":{"line":41,"column":33},"end":{"line":51,"column":1}},"line":41},"3":{"name":"(anonymous_3)","decl":{"start":{"line":55,"column":20},"end":{"line":55,"column":21}},"loc":{"start":{"line":55,"column":47},"end":{"line":72,"column":1}},"line":55},"4":{"name":"(anonymous_4)","decl":{"start":{"line":76,"column":17},"end":{"line":76,"column":18}},"loc":{"start":{"line":76,"column":29},"end":{"line":123,"column":1}},"line":76},"5":{"name":"(anonymous_5)","decl":{"start":{"line":126,"column":22},"end":{"line":126,"column":23}},"loc":{"start":{"line":126,"column":29},"end":{"line":179,"column":1}},"line":126},"6":{"name":"(anonymous_6)","decl":{"start":{"line":138,"column":8},"end":{"line":138,"column":9}},"loc":{"start":{"line":138,"column":18},"end":{"line":149,"column":3}},"line":138},"7":{"name":"(anonymous_7)","decl":{"start":{"line":151,"column":8},"end":{"line":151,"column":9}},"loc":{"start":{"line":151,"column":17},"end":{"line":155,"column":3}},"line":151},"8":{"name":"(anonymous_8)","decl":{"start":{"line":157,"column":8},"end":{"line":157,"column":9}},"loc":{"start":{"line":157,"column":26},"end":{"line":159,"column":3}},"line":157},"9":{"name":"(anonymous_9)","decl":{"start":{"line":161,"column":8},"end":{"line":161,"column":9}},"loc":{"start":{"line":161,"column":18},"end":{"line":167,"column":3}},"line":161},"10":{"name":"(anonymous_10)","decl":{"start":{"line":169,"column":8},"end":{"line":169,"column":9}},"loc":{"start":{"line":169,"column":14},"end":{"line":171,"column":3}},"line":169},"11":{"name":"(anonymous_11)","decl":{"start":{"line":173,"column":8},"end":{"line":173,"column":9}},"loc":{"start":{"line":173,"column":18},"end":{"line":177,"column":3}},"line":173},"12":{"name":"(anonymous_12)","decl":{"start":{"line":178,"column":8},"end":{"line":178,"column":9}},"loc":{"start":{"line":178,"column":12},"end":{"line":178,"column":22}},"line":178}},"branchMap":{"0":{"loc":{"start":{"line":55,"column":27},"end":{"line":55,"column":33}},"type":"default-arg","locations":[{"start":{"line":55,"column":31},"end":{"line":55,"column":33}}],"line":55},"1":{"loc":{"start":{"line":55,"column":35},"end":{"line":55,"column":42}},"type":"default-arg","locations":[{"start":{"line":55,"column":40},"end":{"line":55,"column":42}}],"line":55},"2":{"loc":{"start":{"line":128,"column":2},"end":{"line":130,"column":3}},"type":"if","locations":[{"start":{"line":128,"column":2},"end":{"line":130,"column":3}},{"start":{"line":128,"column":2},"end":{"line":130,"column":3}}],"line":128}},"s":{"0":1,"1":1,"2":1,"3":1,"4":0,"5":0,"6":0,"7":0,"8":0,"9":0,"10":1,"11":0,"12":0,"13":0,"14":0,"15":0,"16":0,"17":1,"18":0,"19":0,"20":0,"21":0,"22":0,"23":0,"24":1,"25":0,"26":0,"27":0,"28":0,"29":0,"30":1,"31":0,"32":0,"33":0,"34":0,"35":0,"36":0,"37":0,"38":0,"39":0,"40":0,"41":0,"42":0,"43":1,"44":0,"45":0,"46":0,"47":0,"48":0,"49":0,"50":0,"51":0,"52":0,"53":0,"54":0,"55":0,"56":0,"57":0,"58":0,"59":0,"60":0},"f":{"0":0,"1":0,"2":0,"3":0,"4":0,"5":0,"6":0,"7":0,"8":0,"9":0,"10":0,"11":0,"12":0},"b":{"0":[0],"1":[0],"2":[0,0]},"_coverageSchema":"1a1c01bbd47fc00a2c39e90264f33305004495a9","hash":"3a46699e69c5e7102e569c0ba45bc2a0e427dd0a"}
,"C:\\Users\\happy\\VScode-workspace\\Udacity\\FrontEndDev\\Project5\\Travel_Planner\\src\\client\\js\\countTripLength.js": {"path":"C:\\Users\\happy\\VScode-workspace\\Udacity\\FrontEndDev\\Project5\\Travel_Planner\\src\\client\\js\\countTripLength.js","statementMap":{"0":{"start":{"line":2,"column":24},"end":{"line":8,"column":1}},"1":{"start":{"line":3,"column":19},"end":{"line":3,"column":33}},"2":{"start":{"line":4,"column":19},"end":{"line":4,"column":33}},"3":{"start":{"line":5,"column":19},"end":{"line":5,"column":58}},"4":{"start":{"line":6,"column":20},"end":{"line":6,"column":63}},"5":{"start":{"line":7,"column":2},"end":{"line":7,"column":19}}},"fnMap":{"0":{"name":"(anonymous_0)","decl":{"start":{"line":2,"column":24},"end":{"line":2,"column":25}},"loc":{"start":{"line":2,"column":40},"end":{"line":8,"column":1}},"line":2}},"branchMap":{},"s":{"0":1,"1":0,"2":0,"3":0,"4":0,"5":0},"f":{"0":0},"b":{},"_coverageSchema":"1a1c01bbd47fc00a2c39e90264f33305004495a9","hash":"361ff0403dfd6eda08725345acff7d8c021d3a44"}
,"C:\\Users\\happy\\VScode-workspace\\Udacity\\FrontEndDev\\Project5\\Travel_Planner\\src\\client\\js\\countdownDate.js": {"path":"C:\\Users\\happy\\VScode-workspace\\Udacity\\FrontEndDev\\Project5\\Travel_Planner\\src\\client\\js\\countdownDate.js","statementMap":{"0":{"start":{"line":2,"column":22},"end":{"line":8,"column":1}},"1":{"start":{"line":3,"column":21},"end":{"line":3,"column":35}},"2":{"start":{"line":4,"column":21},"end":{"line":4,"column":31}},"3":{"start":{"line":5,"column":21},"end":{"line":5,"column":60}},"4":{"start":{"line":6,"column":22},"end":{"line":6,"column":69}},"5":{"start":{"line":7,"column":4},"end":{"line":7,"column":21}}},"fnMap":{"0":{"name":"(anonymous_0)","decl":{"start":{"line":2,"column":22},"end":{"line":2,"column":23}},"loc":{"start":{"line":2,"column":30},"end":{"line":8,"column":1}},"line":2}},"branchMap":{},"s":{"0":1,"1":0,"2":0,"3":0,"4":0,"5":0},"f":{"0":0},"b":{},"_coverageSchema":"1a1c01bbd47fc00a2c39e90264f33305004495a9","hash":"5489a772ac90cb2c6bbab8d80ca03b36d83330bc"}
,"C:\\Users\\happy\\VScode-workspace\\Udacity\\FrontEndDev\\Project5\\Travel_Planner\\src\\client\\js\\pageTop.js": {"path":"C:\\Users\\happy\\VScode-workspace\\Udacity\\FrontEndDev\\Project5\\Travel_Planner\\src\\client\\js\\pageTop.js","statementMap":{"0":{"start":{"line":2,"column":22},"end":{"line":2,"column":57}},"1":{"start":{"line":5,"column":19},"end":{"line":12,"column":1}},"2":{"start":{"line":6,"column":10},"end":{"line":6,"column":24}},"3":{"start":{"line":7,"column":2},"end":{"line":11,"column":3}},"4":{"start":{"line":8,"column":4},"end":{"line":8,"column":48}},"5":{"start":{"line":10,"column":4},"end":{"line":10,"column":48}},"6":{"start":{"line":14,"column":20},"end":{"line":16,"column":1}},"7":{"start":{"line":15,"column":2},"end":{"line":15,"column":48}},"8":{"start":{"line":20,"column":20},"end":{"line":26,"column":1}},"9":{"start":{"line":21,"column":12},"end":{"line":21,"column":73}},"10":{"start":{"line":22,"column":2},"end":{"line":25,"column":3}},"11":{"start":{"line":23,"column":4},"end":{"line":23,"column":46}},"12":{"start":{"line":24,"column":4},"end":{"line":24,"column":35}},"13":{"start":{"line":28,"column":14},"end":{"line":33,"column":1}},"14":{"start":{"line":29,"column":2},"end":{"line":32,"column":3}},"15":{"start":{"line":30,"column":2},"end":{"line":30,"column":21}},"16":{"start":{"line":31,"column":2},"end":{"line":31,"column":16}}},"fnMap":{"0":{"name":"(anonymous_0)","decl":{"start":{"line":5,"column":19},"end":{"line":5,"column":20}},"loc":{"start":{"line":5,"column":25},"end":{"line":12,"column":1}},"line":5},"1":{"name":"(anonymous_1)","decl":{"start":{"line":14,"column":20},"end":{"line":14,"column":21}},"loc":{"start":{"line":14,"column":26},"end":{"line":16,"column":1}},"line":14},"2":{"name":"(anonymous_2)","decl":{"start":{"line":20,"column":20},"end":{"line":20,"column":21}},"loc":{"start":{"line":20,"column":26},"end":{"line":26,"column":1}},"line":20},"3":{"name":"(anonymous_3)","decl":{"start":{"line":28,"column":14},"end":{"line":28,"column":15}},"loc":{"start":{"line":28,"column":20},"end":{"line":33,"column":1}},"line":28},"4":{"name":"(anonymous_4)","decl":{"start":{"line":29,"column":26},"end":{"line":29,"column":27}},"loc":{"start":{"line":29,"column":38},"end":{"line":32,"column":3}},"line":29}},"branchMap":{"0":{"loc":{"start":{"line":7,"column":2},"end":{"line":11,"column":3}},"type":"if","locations":[{"start":{"line":7,"column":2},"end":{"line":11,"column":3}},{"start":{"line":7,"column":2},"end":{"line":11,"column":3}}],"line":7},"1":{"loc":{"start":{"line":21,"column":12},"end":{"line":21,"column":73}},"type":"binary-expr","locations":[{"start":{"line":21,"column":12},"end":{"line":21,"column":46}},{"start":{"line":21,"column":50},"end":{"line":21,"column":73}}],"line":21},"2":{"loc":{"start":{"line":22,"column":2},"end":{"line":25,"column":3}},"type":"if","locations":[{"start":{"line":22,"column":2},"end":{"line":25,"column":3}},{"start":{"line":22,"column":2},"end":{"line":25,"column":3}}],"line":22}},"s":{"0":1,"1":1,"2":0,"3":0,"4":0,"5":0,"6":1,"7":0,"8":1,"9":0,"10":0,"11":0,"12":0,"13":1,"14":0,"15":0,"16":0},"f":{"0":0,"1":0,"2":0,"3":0,"4":0},"b":{"0":[0,0],"1":[0,0],"2":[0,0]},"_coverageSchema":"1a1c01bbd47fc00a2c39e90264f33305004495a9","hash":"6f6b989efff6ce071ce41e81f55d28128c5489a0"}
,"C:\\Users\\happy\\VScode-workspace\\Udacity\\FrontEndDev\\Project5\\Travel_Planner\\src\\server\\server.js": {"path":"C:\\Users\\happy\\VScode-workspace\\Udacity\\FrontEndDev\\Project5\\Travel_Planner\\src\\server\\server.js","statementMap":{"0":{"start":{"line":1,"column":16},"end":{"line":1,"column":34}},"1":{"start":{"line":2,"column":15},"end":{"line":2,"column":32}},"2":{"start":{"line":3,"column":19},"end":{"line":3,"column":41}},"3":{"start":{"line":4,"column":13},"end":{"line":4,"column":28}},"4":{"start":{"line":8,"column":0},"end":{"line":8,"column":16}},"5":{"start":{"line":12,"column":12},"end":{"line":12,"column":21}},"6":{"start":{"line":17,"column":0},"end":{"line":17,"column":52}},"7":{"start":{"line":18,"column":0},"end":{"line":18,"column":27}},"8":{"start":{"line":22,"column":0},"end":{"line":22,"column":16}},"9":{"start":{"line":26,"column":0},"end":{"line":26,"column":32}},"10":{"start":{"line":27,"column":0},"end":{"line":29,"column":2}},"11":{"start":{"line":28,"column":4},"end":{"line":28,"column":36}},"12":{"start":{"line":33,"column":13},"end":{"line":33,"column":17}},"13":{"start":{"line":34,"column":18},"end":{"line":36,"column":1}},"14":{"start":{"line":35,"column":4},"end":{"line":35,"column":60}},"15":{"start":{"line":37,"column":0},"end":{"line":37,"column":28}},"16":{"start":{"line":41,"column":18},"end":{"line":41,"column":20}},"17":{"start":{"line":42,"column":16},"end":{"line":42,"column":18}},"18":{"start":{"line":46,"column":0},"end":{"line":58,"column":3}},"19":{"start":{"line":47,"column":4},"end":{"line":56,"column":6}},"20":{"start":{"line":57,"column":4},"end":{"line":57,"column":26}},"21":{"start":{"line":62,"column":0},"end":{"line":67,"column":3}},"22":{"start":{"line":63,"column":4},"end":{"line":63,"column":45}},"23":{"start":{"line":64,"column":4},"end":{"line":64,"column":43}},"24":{"start":{"line":65,"column":4},"end":{"line":65,"column":51}},"25":{"start":{"line":66,"column":4},"end":{"line":66,"column":26}},"26":{"start":{"line":71,"column":0},"end":{"line":75,"column":3}},"27":{"start":{"line":72,"column":4},"end":{"line":72,"column":39}},"28":{"start":{"line":73,"column":4},"end":{"line":73,"column":30}},"29":{"start":{"line":74,"column":4},"end":{"line":74,"column":22}},"30":{"start":{"line":79,"column":0},"end":{"line":81,"column":3}},"31":{"start":{"line":80,"column":4},"end":{"line":80,"column":22}},"32":{"start":{"line":84,"column":0},"end":{"line":84,"column":20}}},"fnMap":{"0":{"name":"(anonymous_0)","decl":{"start":{"line":27,"column":13},"end":{"line":27,"column":14}},"loc":{"start":{"line":27,"column":27},"end":{"line":29,"column":1}},"line":27},"1":{"name":"(anonymous_1)","decl":{"start":{"line":34,"column":18},"end":{"line":34,"column":19}},"loc":{"start":{"line":34,"column":24},"end":{"line":36,"column":1}},"line":34},"2":{"name":"(anonymous_2)","decl":{"start":{"line":46,"column":20},"end":{"line":46,"column":21}},"loc":{"start":{"line":46,"column":34},"end":{"line":58,"column":1}},"line":46},"3":{"name":"(anonymous_3)","decl":{"start":{"line":62,"column":24},"end":{"line":62,"column":25}},"loc":{"start":{"line":62,"column":38},"end":{"line":67,"column":1}},"line":62},"4":{"name":"(anonymous_4)","decl":{"start":{"line":71,"column":22},"end":{"line":71,"column":23}},"loc":{"start":{"line":71,"column":36},"end":{"line":75,"column":1}},"line":71},"5":{"name":"(anonymous_5)","decl":{"start":{"line":79,"column":16},"end":{"line":79,"column":17}},"loc":{"start":{"line":79,"column":30},"end":{"line":81,"column":1}},"line":79}},"branchMap":{},"s":{"0":1,"1":1,"2":1,"3":1,"4":1,"5":1,"6":1,"7":1,"8":1,"9":1,"10":1,"11":0,"12":1,"13":1,"14":1,"15":1,"16":1,"17":1,"18":1,"19":0,"20":0,"21":1,"22":0,"23":0,"24":0,"25":0,"26":1,"27":0,"28":0,"29":0,"30":1,"31":1,"32":1},"f":{"0":0,"1":1,"2":0,"3":0,"4":0,"5":1},"b":{},"_coverageSchema":"1a1c01bbd47fc00a2c39e90264f33305004495a9","hash":"08b1c47987c1aaeb142f05e2c344a500dc79ec50"}
}
